{"level":"error","message":"❌ Error processing outbox: Connection to mongodb:27017 interrupted due to server monitor timeout","timestamp":"2025-11-19 11:19:50"}
{"level":"error","message":"❌ Error processing outbox: Connection to mongodb:27017 interrupted due to server monitor timeout","timestamp":"2025-11-25 10:29:41"}
{"level":"error","message":"❌ Error processing outbox: Connection to mongodb:27017 interrupted due to server monitor timeout","timestamp":"2025-11-25 10:29:42"}
{"level":"error","message":"❌ Error processing outbox: Connection to mongodb:27017 interrupted due to server monitor timeout","timestamp":"2025-11-25 10:29:42"}
{"level":"error","message":"❌ Error processing outbox: Connection to mongodb:27017 interrupted due to server monitor timeout","timestamp":"2025-11-25 10:29:42"}
{"level":"info","message":"Initializing alert cron jobs...","timestamp":"2025-11-28 09:30:20"}
{"level":"info","message":"✓ Smart checks job scheduled for 2:00 AM daily","timestamp":"2025-11-28 09:30:20"}
{"level":"info","message":"✓ Daily summary job scheduled for 11:00 PM","timestamp":"2025-11-28 09:30:20"}
{"level":"info","message":"✓ Weekly summary job scheduled for Monday 9:00 AM","timestamp":"2025-11-28 09:30:20"}
{"level":"info","message":"✓ Monthly summary job scheduled for 1st of month at 9:00 AM","timestamp":"2025-11-28 09:30:20"}
{"level":"info","message":"✓ Alert cleanup job scheduled for 3:00 AM daily","timestamp":"2025-11-28 09:30:20"}
{"level":"info","message":"✅ All alert cron jobs initialized successfully","timestamp":"2025-11-28 09:30:20"}
{"level":"info","message":"Initializing alert cron jobs...","timestamp":"2025-11-28 09:32:29"}
{"level":"info","message":"✓ Smart checks job scheduled for 2:00 AM daily","timestamp":"2025-11-28 09:32:29"}
{"level":"info","message":"✓ Daily summary job scheduled for 11:00 PM","timestamp":"2025-11-28 09:32:29"}
{"level":"info","message":"✓ Weekly summary job scheduled for Monday 9:00 AM","timestamp":"2025-11-28 09:32:29"}
{"level":"info","message":"✓ Monthly summary job scheduled for 1st of month at 9:00 AM","timestamp":"2025-11-28 09:32:29"}
{"level":"info","message":"✓ Alert cleanup job scheduled for 3:00 AM daily","timestamp":"2025-11-28 09:32:29"}
{"level":"info","message":"✅ All alert cron jobs initialized successfully","timestamp":"2025-11-28 09:32:29"}
{"level":"info","message":"Initializing alert cron jobs...","timestamp":"2025-11-28 10:05:16"}
{"level":"info","message":"✓ Smart checks job scheduled for 2:00 AM daily","timestamp":"2025-11-28 10:05:17"}
{"level":"info","message":"✓ Daily summary job scheduled for 11:00 PM","timestamp":"2025-11-28 10:05:17"}
{"level":"info","message":"✓ Weekly summary job scheduled for Monday 9:00 AM","timestamp":"2025-11-28 10:05:17"}
{"level":"info","message":"✓ Monthly summary job scheduled for 1st of month at 9:00 AM","timestamp":"2025-11-28 10:05:17"}
{"level":"info","message":"✓ Alert cleanup job scheduled for 3:00 AM daily","timestamp":"2025-11-28 10:05:17"}
{"level":"info","message":"✅ All alert cron jobs initialized successfully","timestamp":"2025-11-28 10:05:17"}
{"level":"info","message":"Initializing alert cron jobs...","timestamp":"2025-11-28 10:09:58"}
{"level":"info","message":"✓ Smart checks job scheduled for 2:00 AM daily","timestamp":"2025-11-28 10:09:58"}
{"level":"info","message":"✓ Daily summary job scheduled for 11:00 PM","timestamp":"2025-11-28 10:09:58"}
{"level":"info","message":"✓ Weekly summary job scheduled for Monday 9:00 AM","timestamp":"2025-11-28 10:09:58"}
{"level":"info","message":"✓ Monthly summary job scheduled for 1st of month at 9:00 AM","timestamp":"2025-11-28 10:09:58"}
{"level":"info","message":"✓ Alert cleanup job scheduled for 3:00 AM daily","timestamp":"2025-11-28 10:09:58"}
{"level":"info","message":"✅ All alert cron jobs initialized successfully","timestamp":"2025-11-28 10:09:58"}
{"level":"info","message":"Initializing alert cron jobs...","timestamp":"2025-11-28 10:10:40"}
{"level":"info","message":"✓ Smart checks job scheduled for 2:00 AM daily","timestamp":"2025-11-28 10:10:40"}
{"level":"info","message":"✓ Daily summary job scheduled for 11:00 PM","timestamp":"2025-11-28 10:10:40"}
{"level":"info","message":"✓ Weekly summary job scheduled for Monday 9:00 AM","timestamp":"2025-11-28 10:10:40"}
{"level":"info","message":"✓ Monthly summary job scheduled for 1st of month at 9:00 AM","timestamp":"2025-11-28 10:10:40"}
{"level":"info","message":"✓ Alert cleanup job scheduled for 3:00 AM daily","timestamp":"2025-11-28 10:10:40"}
{"level":"info","message":"✅ All alert cron jobs initialized successfully","timestamp":"2025-11-28 10:10:40"}
{"level":"info","message":"Initializing alert cron jobs...","timestamp":"2025-11-28 10:11:20"}
{"level":"info","message":"✓ Smart checks job scheduled for 2:00 AM daily","timestamp":"2025-11-28 10:11:20"}
{"level":"info","message":"✓ Daily summary job scheduled for 11:00 PM","timestamp":"2025-11-28 10:11:20"}
{"level":"info","message":"✓ Weekly summary job scheduled for Monday 9:00 AM","timestamp":"2025-11-28 10:11:20"}
{"level":"info","message":"✓ Monthly summary job scheduled for 1st of month at 9:00 AM","timestamp":"2025-11-28 10:11:20"}
{"level":"info","message":"✓ Alert cleanup job scheduled for 3:00 AM daily","timestamp":"2025-11-28 10:11:20"}
{"level":"info","message":"✅ All alert cron jobs initialized successfully","timestamp":"2025-11-28 10:11:20"}
{"level":"info","message":"Initializing alert cron jobs...","timestamp":"2025-11-28 10:17:26"}
{"level":"info","message":"✓ Smart checks job scheduled for 2:00 AM daily","timestamp":"2025-11-28 10:17:26"}
{"level":"info","message":"✓ Daily summary job scheduled for 11:00 PM","timestamp":"2025-11-28 10:17:26"}
{"level":"info","message":"✓ Weekly summary job scheduled for Monday 9:00 AM","timestamp":"2025-11-28 10:17:26"}
{"level":"info","message":"✓ Monthly summary job scheduled for 1st of month at 9:00 AM","timestamp":"2025-11-28 10:17:26"}
{"level":"info","message":"✓ Alert cleanup job scheduled for 3:00 AM daily","timestamp":"2025-11-28 10:17:26"}
{"level":"info","message":"✅ All alert cron jobs initialized successfully","timestamp":"2025-11-28 10:17:26"}
{"level":"info","message":"Initializing alert cron jobs...","timestamp":"2025-11-28 10:18:23"}
{"level":"info","message":"✓ Smart checks job scheduled for 2:00 AM daily","timestamp":"2025-11-28 10:18:23"}
{"level":"info","message":"✓ Daily summary job scheduled for 11:00 PM","timestamp":"2025-11-28 10:18:23"}
{"level":"info","message":"✓ Weekly summary job scheduled for Monday 9:00 AM","timestamp":"2025-11-28 10:18:23"}
{"level":"info","message":"✓ Monthly summary job scheduled for 1st of month at 9:00 AM","timestamp":"2025-11-28 10:18:23"}
{"level":"info","message":"✓ Alert cleanup job scheduled for 3:00 AM daily","timestamp":"2025-11-28 10:18:23"}
{"level":"info","message":"✅ All alert cron jobs initialized successfully","timestamp":"2025-11-28 10:18:23"}
{"level":"info","message":"Initializing alert cron jobs...","timestamp":"2025-11-28 10:26:13"}
{"level":"info","message":"✓ Smart checks job scheduled for 2:00 AM daily","timestamp":"2025-11-28 10:26:13"}
{"level":"info","message":"✓ Daily summary job scheduled for 11:00 PM","timestamp":"2025-11-28 10:26:13"}
{"level":"info","message":"✓ Weekly summary job scheduled for Monday 9:00 AM","timestamp":"2025-11-28 10:26:13"}
{"level":"info","message":"✓ Monthly summary job scheduled for 1st of month at 9:00 AM","timestamp":"2025-11-28 10:26:13"}
{"level":"info","message":"✓ Alert cleanup job scheduled for 3:00 AM daily","timestamp":"2025-11-28 10:26:13"}
{"level":"info","message":"✅ All alert cron jobs initialized successfully","timestamp":"2025-11-28 10:26:13"}
{"level":"info","message":"Initializing alert cron jobs...","timestamp":"2025-11-28 10:27:16"}
{"level":"info","message":"✓ Smart checks job scheduled for 2:00 AM daily","timestamp":"2025-11-28 10:27:16"}
{"level":"info","message":"✓ Daily summary job scheduled for 11:00 PM","timestamp":"2025-11-28 10:27:16"}
{"level":"info","message":"✓ Weekly summary job scheduled for Monday 9:00 AM","timestamp":"2025-11-28 10:27:16"}
{"level":"info","message":"✓ Monthly summary job scheduled for 1st of month at 9:00 AM","timestamp":"2025-11-28 10:27:16"}
{"level":"info","message":"✓ Alert cleanup job scheduled for 3:00 AM daily","timestamp":"2025-11-28 10:27:16"}
{"level":"info","message":"✅ All alert cron jobs initialized successfully","timestamp":"2025-11-28 10:27:16"}
{"level":"info","message":"Initializing alert cron jobs...","timestamp":"2025-11-28 10:32:27"}
{"level":"info","message":"✓ Smart checks job scheduled for 2:00 AM daily","timestamp":"2025-11-28 10:32:27"}
{"level":"info","message":"✓ Daily summary job scheduled for 11:00 PM","timestamp":"2025-11-28 10:32:27"}
{"level":"info","message":"✓ Weekly summary job scheduled for Monday 9:00 AM","timestamp":"2025-11-28 10:32:27"}
{"level":"info","message":"✓ Monthly summary job scheduled for 1st of month at 9:00 AM","timestamp":"2025-11-28 10:32:27"}
{"level":"info","message":"✓ Alert cleanup job scheduled for 3:00 AM daily","timestamp":"2025-11-28 10:32:27"}
{"level":"info","message":"✅ All alert cron jobs initialized successfully","timestamp":"2025-11-28 10:32:27"}
{"level":"info","message":"Initializing alert cron jobs...","timestamp":"2025-11-28 10:40:42"}
{"level":"info","message":"✓ Smart checks job scheduled for 2:00 AM daily","timestamp":"2025-11-28 10:40:42"}
{"level":"info","message":"✓ Daily summary job scheduled for 11:00 PM","timestamp":"2025-11-28 10:40:42"}
{"level":"info","message":"✓ Weekly summary job scheduled for Monday 9:00 AM","timestamp":"2025-11-28 10:40:42"}
{"level":"info","message":"✓ Monthly summary job scheduled for 1st of month at 9:00 AM","timestamp":"2025-11-28 10:40:42"}
{"level":"info","message":"✓ Alert cleanup job scheduled for 3:00 AM daily","timestamp":"2025-11-28 10:40:42"}
{"level":"info","message":"✅ All alert cron jobs initialized successfully","timestamp":"2025-11-28 10:40:42"}
{"level":"info","message":"Initializing alert cron jobs...","timestamp":"2025-11-28 10:41:22"}
{"level":"info","message":"✓ Smart checks job scheduled for 2:00 AM daily","timestamp":"2025-11-28 10:41:23"}
{"level":"info","message":"✓ Daily summary job scheduled for 11:00 PM","timestamp":"2025-11-28 10:41:23"}
{"level":"info","message":"✓ Weekly summary job scheduled for Monday 9:00 AM","timestamp":"2025-11-28 10:41:23"}
{"level":"info","message":"✓ Monthly summary job scheduled for 1st of month at 9:00 AM","timestamp":"2025-11-28 10:41:23"}
{"level":"info","message":"✓ Alert cleanup job scheduled for 3:00 AM daily","timestamp":"2025-11-28 10:41:23"}
{"level":"info","message":"✅ All alert cron jobs initialized successfully","timestamp":"2025-11-28 10:41:23"}
{"level":"info","message":"Initializing alert cron jobs...","timestamp":"2025-11-28 10:45:44"}
{"level":"info","message":"✓ Smart checks job scheduled for 2:00 AM daily","timestamp":"2025-11-28 10:45:44"}
{"level":"info","message":"✓ Daily summary job scheduled for 11:00 PM","timestamp":"2025-11-28 10:45:44"}
{"level":"info","message":"✓ Weekly summary job scheduled for Monday 9:00 AM","timestamp":"2025-11-28 10:45:44"}
{"level":"info","message":"✓ Monthly summary job scheduled for 1st of month at 9:00 AM","timestamp":"2025-11-28 10:45:44"}
{"level":"info","message":"✓ Alert cleanup job scheduled for 3:00 AM daily","timestamp":"2025-11-28 10:45:44"}
{"level":"info","message":"✅ All alert cron jobs initialized successfully","timestamp":"2025-11-28 10:45:44"}
{"level":"error","message":"Background: Cache invalidation failed: Cannot read properties of undefined (reading 'error')","stack":"TypeError: Cannot read properties of undefined (reading 'error')\n    at scanDel (/app/src/utils/redisHelper.js:41:16)\n    at Immediate.<anonymous> (/app/src/controllers/productController.js:318:5)\n    at process.processImmediate (node:internal/timers:483:21)","timestamp":"2025-11-28 10:53:05"}
{"companyId":"COMPANY_123","level":"info","message":"📤 [PRODUCT EVENT] Published: inventory.product.created","productId":"69297f103238f684e0aab742","productName":"Premium Organic Cotton T-Shirt","timestamp":"2025-11-28 10:53:05"}
{"level":"error","message":"Background: Cache invalidation failed: Cannot read properties of undefined (reading 'error')","stack":"TypeError: Cannot read properties of undefined (reading 'error')\n    at scanDel (/app/src/utils/redisHelper.js:41:16)\n    at Immediate.<anonymous> (/app/src/controllers/productController.js:318:5)\n    at process.processImmediate (node:internal/timers:483:21)","timestamp":"2025-11-28 11:06:54"}
{"companyId":"COMPANY_123","level":"info","message":"📤 [PRODUCT EVENT] Published: inventory.product.created","productId":"6929824e3238f684e0aab800","productName":"Premium Organic Cotton T-Shirt","timestamp":"2025-11-28 11:06:54"}
{"level":"info","message":"Initializing alert cron jobs...","timestamp":"2025-11-28 11:16:57"}
{"level":"info","message":"✓ Smart checks job scheduled for 2:00 AM daily","timestamp":"2025-11-28 11:16:57"}
{"level":"info","message":"✓ Daily summary job scheduled for 11:00 PM","timestamp":"2025-11-28 11:16:57"}
{"level":"info","message":"✓ Weekly summary job scheduled for Monday 9:00 AM","timestamp":"2025-11-28 11:16:57"}
{"level":"info","message":"✓ Monthly summary job scheduled for 1st of month at 9:00 AM","timestamp":"2025-11-28 11:16:57"}
{"level":"info","message":"✓ Alert cleanup job scheduled for 3:00 AM daily","timestamp":"2025-11-28 11:16:57"}
{"level":"info","message":"✅ All alert cron jobs initialized successfully","timestamp":"2025-11-28 11:16:57"}
{"level":"info","message":"Initializing alert cron jobs...","timestamp":"2025-11-28 11:18:31"}
{"level":"info","message":"✓ Smart checks job scheduled for 2:00 AM daily","timestamp":"2025-11-28 11:18:31"}
{"level":"info","message":"✓ Daily summary job scheduled for 11:00 PM","timestamp":"2025-11-28 11:18:31"}
{"level":"info","message":"✓ Weekly summary job scheduled for Monday 9:00 AM","timestamp":"2025-11-28 11:18:31"}
{"level":"info","message":"✓ Monthly summary job scheduled for 1st of month at 9:00 AM","timestamp":"2025-11-28 11:18:31"}
{"level":"info","message":"✓ Alert cleanup job scheduled for 3:00 AM daily","timestamp":"2025-11-28 11:18:31"}
{"level":"info","message":"✅ All alert cron jobs initialized successfully","timestamp":"2025-11-28 11:18:31"}
{"level":"error","message":"Background: Cache invalidation failed: Cannot read properties of undefined (reading 'error')","stack":"TypeError: Cannot read properties of undefined (reading 'error')\n    at scanDel (/app/src/utils/redisHelper.js:41:16)\n    at Immediate.<anonymous> (/app/src/controllers/productController.js:318:5)\n    at process.processImmediate (node:internal/timers:483:21)","timestamp":"2025-11-28 11:18:36"}
{"companyId":"COMPANY_123","level":"info","message":"📤 [PRODUCT EVENT] Published: inventory.product.created","productId":"6929850b00a4092e3f02edb0","productName":"Premium Organic Cotton T-Shirt","timestamp":"2025-11-28 11:18:36"}
{"level":"error","message":"Background: Cache invalidation failed: Cannot read properties of undefined (reading 'error')","stack":"TypeError: Cannot read properties of undefined (reading 'error')\n    at scanDel (/app/src/utils/redisHelper.js:41:16)\n    at Immediate.<anonymous> (/app/src/controllers/productController.js:318:5)\n    at process.processImmediate (node:internal/timers:483:21)","timestamp":"2025-11-28 11:47:46"}
{"companyId":"COMPANY_123","level":"info","message":"📤 [PRODUCT EVENT] Published: inventory.product.created","productId":"69298be100a4092e3f02ef26","productName":"Premium Organic Cotton T-Shirt","timestamp":"2025-11-28 11:47:46"}
{"level":"error","message":"Background: Cache invalidation failed: Cannot read properties of undefined (reading 'error')","stack":"TypeError: Cannot read properties of undefined (reading 'error')\n    at scanDel (/app/src/utils/redisHelper.js:41:16)\n    at Immediate.<anonymous> (/app/src/controllers/productController.js:318:5)\n    at process.processImmediate (node:internal/timers:483:21)","timestamp":"2025-11-28 11:52:17"}
{"companyId":"COMPANY_123","level":"info","message":"📤 [PRODUCT EVENT] Published: inventory.product.created","productId":"69298cf100a4092e3f02ef74","productName":"Premium Organic Cotton T-Shirt","timestamp":"2025-11-28 11:52:17"}
{"level":"info","message":"Initializing alert cron jobs...","timestamp":"2025-11-28 12:47:54"}
{"level":"info","message":"✓ Smart checks job scheduled for 2:00 AM daily","timestamp":"2025-11-28 12:47:54"}
{"level":"info","message":"✓ Daily summary job scheduled for 11:00 PM","timestamp":"2025-11-28 12:47:54"}
{"level":"info","message":"✓ Weekly summary job scheduled for Monday 9:00 AM","timestamp":"2025-11-28 12:47:54"}
{"level":"info","message":"✓ Monthly summary job scheduled for 1st of month at 9:00 AM","timestamp":"2025-11-28 12:47:54"}
{"level":"info","message":"✓ Alert cleanup job scheduled for 3:00 AM daily","timestamp":"2025-11-28 12:47:54"}
{"level":"info","message":"✅ All alert cron jobs initialized successfully","timestamp":"2025-11-28 12:47:54"}
{"level":"info","message":"Initializing alert cron jobs...","timestamp":"2025-11-28 12:51:36"}
{"level":"info","message":"✓ Smart checks job scheduled for 2:00 AM daily","timestamp":"2025-11-28 12:51:37"}
{"level":"info","message":"✓ Daily summary job scheduled for 11:00 PM","timestamp":"2025-11-28 12:51:37"}
{"level":"info","message":"✓ Weekly summary job scheduled for Monday 9:00 AM","timestamp":"2025-11-28 12:51:37"}
{"level":"info","message":"✓ Monthly summary job scheduled for 1st of month at 9:00 AM","timestamp":"2025-11-28 12:51:37"}
{"level":"info","message":"✓ Alert cleanup job scheduled for 3:00 AM daily","timestamp":"2025-11-28 12:51:37"}
{"level":"info","message":"✅ All alert cron jobs initialized successfully","timestamp":"2025-11-28 12:51:37"}
{"level":"info","message":"Initializing alert cron jobs...","timestamp":"2025-11-28 12:51:58"}
{"level":"info","message":"✓ Smart checks job scheduled for 2:00 AM daily","timestamp":"2025-11-28 12:51:58"}
{"level":"info","message":"✓ Daily summary job scheduled for 11:00 PM","timestamp":"2025-11-28 12:51:58"}
{"level":"info","message":"✓ Weekly summary job scheduled for Monday 9:00 AM","timestamp":"2025-11-28 12:51:58"}
{"level":"info","message":"✓ Monthly summary job scheduled for 1st of month at 9:00 AM","timestamp":"2025-11-28 12:51:58"}
{"level":"info","message":"✓ Alert cleanup job scheduled for 3:00 AM daily","timestamp":"2025-11-28 12:51:58"}
{"level":"info","message":"✅ All alert cron jobs initialized successfully","timestamp":"2025-11-28 12:51:58"}
{"level":"info","message":"Initializing alert cron jobs...","timestamp":"2025-11-28 12:52:03"}
{"level":"info","message":"✓ Smart checks job scheduled for 2:00 AM daily","timestamp":"2025-11-28 12:52:03"}
{"level":"info","message":"✓ Daily summary job scheduled for 11:00 PM","timestamp":"2025-11-28 12:52:03"}
{"level":"info","message":"✓ Weekly summary job scheduled for Monday 9:00 AM","timestamp":"2025-11-28 12:52:03"}
{"level":"info","message":"✓ Monthly summary job scheduled for 1st of month at 9:00 AM","timestamp":"2025-11-28 12:52:03"}
{"level":"info","message":"✓ Alert cleanup job scheduled for 3:00 AM daily","timestamp":"2025-11-28 12:52:03"}
{"level":"info","message":"✅ All alert cron jobs initialized successfully","timestamp":"2025-11-28 12:52:03"}
{"level":"info","message":"Initializing alert cron jobs...","timestamp":"2025-11-28 12:52:54"}
{"level":"info","message":"✓ Smart checks job scheduled for 2:00 AM daily","timestamp":"2025-11-28 12:52:54"}
{"level":"info","message":"✓ Daily summary job scheduled for 11:00 PM","timestamp":"2025-11-28 12:52:54"}
{"level":"info","message":"✓ Weekly summary job scheduled for Monday 9:00 AM","timestamp":"2025-11-28 12:52:54"}
{"level":"info","message":"✓ Monthly summary job scheduled for 1st of month at 9:00 AM","timestamp":"2025-11-28 12:52:54"}
{"level":"info","message":"✓ Alert cleanup job scheduled for 3:00 AM daily","timestamp":"2025-11-28 12:52:54"}
{"level":"info","message":"✅ All alert cron jobs initialized successfully","timestamp":"2025-11-28 12:52:54"}
{"level":"info","message":"Initializing alert cron jobs...","timestamp":"2025-11-28 12:55:30"}
{"level":"info","message":"✓ Smart checks job scheduled for 2:00 AM daily","timestamp":"2025-11-28 12:55:30"}
{"level":"info","message":"✓ Daily summary job scheduled for 11:00 PM","timestamp":"2025-11-28 12:55:30"}
{"level":"info","message":"✓ Weekly summary job scheduled for Monday 9:00 AM","timestamp":"2025-11-28 12:55:30"}
{"level":"info","message":"✓ Monthly summary job scheduled for 1st of month at 9:00 AM","timestamp":"2025-11-28 12:55:30"}
{"level":"info","message":"✓ Alert cleanup job scheduled for 3:00 AM daily","timestamp":"2025-11-28 12:55:30"}
{"level":"info","message":"✅ All alert cron jobs initialized successfully","timestamp":"2025-11-28 12:55:30"}
{"level":"info","message":"Initializing alert cron jobs...","timestamp":"2025-11-28 13:37:02"}
{"level":"info","message":"✓ Smart checks job scheduled for 2:00 AM daily","timestamp":"2025-11-28 13:37:02"}
{"level":"info","message":"✓ Daily summary job scheduled for 11:00 PM","timestamp":"2025-11-28 13:37:02"}
{"level":"info","message":"✓ Weekly summary job scheduled for Monday 9:00 AM","timestamp":"2025-11-28 13:37:02"}
{"level":"info","message":"✓ Monthly summary job scheduled for 1st of month at 9:00 AM","timestamp":"2025-11-28 13:37:02"}
{"level":"info","message":"✓ Alert cleanup job scheduled for 3:00 AM daily","timestamp":"2025-11-28 13:37:02"}
{"level":"info","message":"✅ All alert cron jobs initialized successfully","timestamp":"2025-11-28 13:37:02"}
{"level":"info","message":"Initializing alert cron jobs...","timestamp":"2025-11-28 13:38:25"}
{"level":"info","message":"✓ Smart checks job scheduled for 2:00 AM daily","timestamp":"2025-11-28 13:38:25"}
{"level":"info","message":"✓ Daily summary job scheduled for 11:00 PM","timestamp":"2025-11-28 13:38:25"}
{"level":"info","message":"✓ Weekly summary job scheduled for Monday 9:00 AM","timestamp":"2025-11-28 13:38:25"}
{"level":"info","message":"✓ Monthly summary job scheduled for 1st of month at 9:00 AM","timestamp":"2025-11-28 13:38:25"}
{"level":"info","message":"✓ Alert cleanup job scheduled for 3:00 AM daily","timestamp":"2025-11-28 13:38:25"}
{"level":"info","message":"✅ All alert cron jobs initialized successfully","timestamp":"2025-11-28 13:38:25"}
{"level":"info","message":"Initializing alert cron jobs...","timestamp":"2025-11-28 13:38:34"}
{"level":"info","message":"✓ Smart checks job scheduled for 2:00 AM daily","timestamp":"2025-11-28 13:38:35"}
{"level":"info","message":"✓ Daily summary job scheduled for 11:00 PM","timestamp":"2025-11-28 13:38:35"}
{"level":"info","message":"✓ Weekly summary job scheduled for Monday 9:00 AM","timestamp":"2025-11-28 13:38:35"}
{"level":"info","message":"✓ Monthly summary job scheduled for 1st of month at 9:00 AM","timestamp":"2025-11-28 13:38:35"}
{"level":"info","message":"✓ Alert cleanup job scheduled for 3:00 AM daily","timestamp":"2025-11-28 13:38:35"}
{"level":"info","message":"✅ All alert cron jobs initialized successfully","timestamp":"2025-11-28 13:38:35"}
{"level":"info","message":"Initializing alert cron jobs...","timestamp":"2025-11-28 13:38:45"}
{"level":"info","message":"✓ Smart checks job scheduled for 2:00 AM daily","timestamp":"2025-11-28 13:38:46"}
{"level":"info","message":"✓ Daily summary job scheduled for 11:00 PM","timestamp":"2025-11-28 13:38:46"}
{"level":"info","message":"✓ Weekly summary job scheduled for Monday 9:00 AM","timestamp":"2025-11-28 13:38:46"}
{"level":"info","message":"✓ Monthly summary job scheduled for 1st of month at 9:00 AM","timestamp":"2025-11-28 13:38:46"}
{"level":"info","message":"✓ Alert cleanup job scheduled for 3:00 AM daily","timestamp":"2025-11-28 13:38:46"}
{"level":"info","message":"✅ All alert cron jobs initialized successfully","timestamp":"2025-11-28 13:38:46"}
{"level":"info","message":"Initializing alert cron jobs...","timestamp":"2025-11-28 13:38:54"}
{"level":"info","message":"✓ Smart checks job scheduled for 2:00 AM daily","timestamp":"2025-11-28 13:38:55"}
{"level":"info","message":"✓ Daily summary job scheduled for 11:00 PM","timestamp":"2025-11-28 13:38:55"}
{"level":"info","message":"✓ Weekly summary job scheduled for Monday 9:00 AM","timestamp":"2025-11-28 13:38:55"}
{"level":"info","message":"✓ Monthly summary job scheduled for 1st of month at 9:00 AM","timestamp":"2025-11-28 13:38:55"}
{"level":"info","message":"✓ Alert cleanup job scheduled for 3:00 AM daily","timestamp":"2025-11-28 13:38:55"}
{"level":"info","message":"✅ All alert cron jobs initialized successfully","timestamp":"2025-11-28 13:38:55"}
{"level":"info","message":"Initializing alert cron jobs...","timestamp":"2025-11-28 13:39:06"}
{"level":"info","message":"✓ Smart checks job scheduled for 2:00 AM daily","timestamp":"2025-11-28 13:39:06"}
{"level":"info","message":"✓ Daily summary job scheduled for 11:00 PM","timestamp":"2025-11-28 13:39:06"}
{"level":"info","message":"✓ Weekly summary job scheduled for Monday 9:00 AM","timestamp":"2025-11-28 13:39:06"}
{"level":"info","message":"✓ Monthly summary job scheduled for 1st of month at 9:00 AM","timestamp":"2025-11-28 13:39:06"}
{"level":"info","message":"✓ Alert cleanup job scheduled for 3:00 AM daily","timestamp":"2025-11-28 13:39:06"}
{"level":"info","message":"✅ All alert cron jobs initialized successfully","timestamp":"2025-11-28 13:39:06"}
{"level":"info","message":"Initializing alert cron jobs...","timestamp":"2025-11-28 13:39:11"}
{"level":"info","message":"✓ Smart checks job scheduled for 2:00 AM daily","timestamp":"2025-11-28 13:39:11"}
{"level":"info","message":"✓ Daily summary job scheduled for 11:00 PM","timestamp":"2025-11-28 13:39:11"}
{"level":"info","message":"✓ Weekly summary job scheduled for Monday 9:00 AM","timestamp":"2025-11-28 13:39:11"}
{"level":"info","message":"✓ Monthly summary job scheduled for 1st of month at 9:00 AM","timestamp":"2025-11-28 13:39:11"}
{"level":"info","message":"✓ Alert cleanup job scheduled for 3:00 AM daily","timestamp":"2025-11-28 13:39:11"}
{"level":"info","message":"✅ All alert cron jobs initialized successfully","timestamp":"2025-11-28 13:39:11"}
{"level":"info","message":"Initializing alert cron jobs...","timestamp":"2025-11-28 13:39:21"}
{"level":"info","message":"✓ Smart checks job scheduled for 2:00 AM daily","timestamp":"2025-11-28 13:39:21"}
{"level":"info","message":"✓ Daily summary job scheduled for 11:00 PM","timestamp":"2025-11-28 13:39:21"}
{"level":"info","message":"✓ Weekly summary job scheduled for Monday 9:00 AM","timestamp":"2025-11-28 13:39:21"}
{"level":"info","message":"✓ Monthly summary job scheduled for 1st of month at 9:00 AM","timestamp":"2025-11-28 13:39:21"}
{"level":"info","message":"✓ Alert cleanup job scheduled for 3:00 AM daily","timestamp":"2025-11-28 13:39:21"}
{"level":"info","message":"✅ All alert cron jobs initialized successfully","timestamp":"2025-11-28 13:39:21"}
{"level":"info","message":"Initializing alert cron jobs...","timestamp":"2025-11-28 13:39:30"}
{"level":"info","message":"✓ Smart checks job scheduled for 2:00 AM daily","timestamp":"2025-11-28 13:39:30"}
{"level":"info","message":"✓ Daily summary job scheduled for 11:00 PM","timestamp":"2025-11-28 13:39:30"}
{"level":"info","message":"✓ Weekly summary job scheduled for Monday 9:00 AM","timestamp":"2025-11-28 13:39:30"}
{"level":"info","message":"✓ Monthly summary job scheduled for 1st of month at 9:00 AM","timestamp":"2025-11-28 13:39:30"}
{"level":"info","message":"✓ Alert cleanup job scheduled for 3:00 AM daily","timestamp":"2025-11-28 13:39:30"}
{"level":"info","message":"✅ All alert cron jobs initialized successfully","timestamp":"2025-11-28 13:39:30"}
{"level":"info","message":"Initializing alert cron jobs...","timestamp":"2025-11-28 13:39:41"}
{"level":"info","message":"✓ Smart checks job scheduled for 2:00 AM daily","timestamp":"2025-11-28 13:39:41"}
{"level":"info","message":"✓ Daily summary job scheduled for 11:00 PM","timestamp":"2025-11-28 13:39:41"}
{"level":"info","message":"✓ Weekly summary job scheduled for Monday 9:00 AM","timestamp":"2025-11-28 13:39:41"}
{"level":"info","message":"✓ Monthly summary job scheduled for 1st of month at 9:00 AM","timestamp":"2025-11-28 13:39:41"}
{"level":"info","message":"✓ Alert cleanup job scheduled for 3:00 AM daily","timestamp":"2025-11-28 13:39:41"}
{"level":"info","message":"✅ All alert cron jobs initialized successfully","timestamp":"2025-11-28 13:39:41"}
{"level":"info","message":"Initializing alert cron jobs...","timestamp":"2025-11-28 13:39:57"}
{"level":"info","message":"✓ Smart checks job scheduled for 2:00 AM daily","timestamp":"2025-11-28 13:39:57"}
{"level":"info","message":"✓ Daily summary job scheduled for 11:00 PM","timestamp":"2025-11-28 13:39:57"}
{"level":"info","message":"✓ Weekly summary job scheduled for Monday 9:00 AM","timestamp":"2025-11-28 13:39:57"}
{"level":"info","message":"✓ Monthly summary job scheduled for 1st of month at 9:00 AM","timestamp":"2025-11-28 13:39:57"}
{"level":"info","message":"✓ Alert cleanup job scheduled for 3:00 AM daily","timestamp":"2025-11-28 13:39:57"}
{"level":"info","message":"✅ All alert cron jobs initialized successfully","timestamp":"2025-11-28 13:39:57"}
{"level":"info","message":"Initializing alert cron jobs...","timestamp":"2025-11-28 13:40:54"}
{"level":"info","message":"✓ Smart checks job scheduled for 2:00 AM daily","timestamp":"2025-11-28 13:40:54"}
{"level":"info","message":"✓ Daily summary job scheduled for 11:00 PM","timestamp":"2025-11-28 13:40:54"}
{"level":"info","message":"✓ Weekly summary job scheduled for Monday 9:00 AM","timestamp":"2025-11-28 13:40:54"}
{"level":"info","message":"✓ Monthly summary job scheduled for 1st of month at 9:00 AM","timestamp":"2025-11-28 13:40:54"}
{"level":"info","message":"✓ Alert cleanup job scheduled for 3:00 AM daily","timestamp":"2025-11-28 13:40:54"}
{"level":"info","message":"✅ All alert cron jobs initialized successfully","timestamp":"2025-11-28 13:40:54"}
{"level":"info","message":"Initializing alert cron jobs...","timestamp":"2025-11-28 13:41:05"}
{"level":"info","message":"✓ Smart checks job scheduled for 2:00 AM daily","timestamp":"2025-11-28 13:41:05"}
{"level":"info","message":"✓ Daily summary job scheduled for 11:00 PM","timestamp":"2025-11-28 13:41:05"}
{"level":"info","message":"✓ Weekly summary job scheduled for Monday 9:00 AM","timestamp":"2025-11-28 13:41:05"}
{"level":"info","message":"✓ Monthly summary job scheduled for 1st of month at 9:00 AM","timestamp":"2025-11-28 13:41:05"}
{"level":"info","message":"✓ Alert cleanup job scheduled for 3:00 AM daily","timestamp":"2025-11-28 13:41:05"}
{"level":"info","message":"✅ All alert cron jobs initialized successfully","timestamp":"2025-11-28 13:41:05"}
{"level":"info","message":"Initializing alert cron jobs...","timestamp":"2025-11-28 13:45:35"}
{"level":"info","message":"✓ Smart checks job scheduled for 2:00 AM daily","timestamp":"2025-11-28 13:45:35"}
{"level":"info","message":"✓ Daily summary job scheduled for 11:00 PM","timestamp":"2025-11-28 13:45:35"}
{"level":"info","message":"✓ Weekly summary job scheduled for Monday 9:00 AM","timestamp":"2025-11-28 13:45:35"}
{"level":"info","message":"✓ Monthly summary job scheduled for 1st of month at 9:00 AM","timestamp":"2025-11-28 13:45:35"}
{"level":"info","message":"✓ Alert cleanup job scheduled for 3:00 AM daily","timestamp":"2025-11-28 13:45:35"}
{"level":"info","message":"✅ All alert cron jobs initialized successfully","timestamp":"2025-11-28 13:45:35"}
{"level":"info","message":"Initializing alert cron jobs...","timestamp":"2025-11-28 13:48:37"}
{"level":"info","message":"✓ Smart checks job scheduled for 2:00 AM daily","timestamp":"2025-11-28 13:48:37"}
{"level":"info","message":"✓ Daily summary job scheduled for 11:00 PM","timestamp":"2025-11-28 13:48:37"}
{"level":"info","message":"✓ Weekly summary job scheduled for Monday 9:00 AM","timestamp":"2025-11-28 13:48:37"}
{"level":"info","message":"✓ Monthly summary job scheduled for 1st of month at 9:00 AM","timestamp":"2025-11-28 13:48:37"}
{"level":"info","message":"✓ Alert cleanup job scheduled for 3:00 AM daily","timestamp":"2025-11-28 13:48:37"}
{"level":"info","message":"✅ All alert cron jobs initialized successfully","timestamp":"2025-11-28 13:48:37"}
{"level":"error","message":"Cache set failed: Cannot read properties of undefined (reading 'error')","stack":"TypeError: Cannot read properties of undefined (reading 'error')\n    at setCache (/app/src/utils/redisHelper.js:62:16)\n    at Immediate.<anonymous> (/app/src/controllers/productController.js:86:5)\n    at process.processImmediate (node:internal/timers:483:21)","timestamp":"2025-11-28 14:07:40"}
{"level":"error","message":"Cache set failed: Cannot read properties of undefined (reading 'error')","stack":"TypeError: Cannot read properties of undefined (reading 'error')\n    at setCache (/app/src/utils/redisHelper.js:62:16)\n    at Immediate.<anonymous> (/app/src/controllers/productController.js:86:5)\n    at process.processImmediate (node:internal/timers:483:21)","timestamp":"2025-11-28 14:07:41"}
{"level":"error","message":"Cache set failed: Cannot read properties of undefined (reading 'error')","stack":"TypeError: Cannot read properties of undefined (reading 'error')\n    at setCache (/app/src/utils/redisHelper.js:62:16)\n    at Immediate.<anonymous> (/app/src/controllers/productController.js:86:5)\n    at process.processImmediate (node:internal/timers:483:21)","timestamp":"2025-11-28 14:07:42"}
{"level":"error","message":"Cache set failed: Cannot read properties of undefined (reading 'error')","stack":"TypeError: Cannot read properties of undefined (reading 'error')\n    at setCache (/app/src/utils/redisHelper.js:62:16)\n    at Immediate.<anonymous> (/app/src/controllers/productController.js:86:5)\n    at process.processImmediate (node:internal/timers:483:21)","timestamp":"2025-11-28 14:07:42"}
{"level":"error","message":"Cache set failed: Cannot read properties of undefined (reading 'error')","stack":"TypeError: Cannot read properties of undefined (reading 'error')\n    at setCache (/app/src/utils/redisHelper.js:62:16)\n    at Immediate.<anonymous> (/app/src/controllers/productController.js:86:5)\n    at process.processImmediate (node:internal/timers:483:21)","timestamp":"2025-11-28 14:14:02"}
{"level":"error","message":"Cache set failed: Cannot read properties of undefined (reading 'error')","stack":"TypeError: Cannot read properties of undefined (reading 'error')\n    at setCache (/app/src/utils/redisHelper.js:62:16)\n    at Immediate.<anonymous> (/app/src/controllers/productController.js:86:5)\n    at process.processImmediate (node:internal/timers:483:21)","timestamp":"2025-11-28 14:14:03"}
{"level":"error","message":"Cache set failed: Cannot read properties of undefined (reading 'error')","stack":"TypeError: Cannot read properties of undefined (reading 'error')\n    at setCache (/app/src/utils/redisHelper.js:62:16)\n    at Immediate.<anonymous> (/app/src/controllers/productController.js:86:5)\n    at process.processImmediate (node:internal/timers:483:21)","timestamp":"2025-11-28 14:14:03"}
{"level":"error","message":"Cache set failed: Cannot read properties of undefined (reading 'error')","stack":"TypeError: Cannot read properties of undefined (reading 'error')\n    at setCache (/app/src/utils/redisHelper.js:62:16)\n    at Immediate.<anonymous> (/app/src/controllers/productController.js:86:5)\n    at process.processImmediate (node:internal/timers:483:21)","timestamp":"2025-11-28 14:14:04"}
{"level":"error","message":"Cache set failed: Cannot read properties of undefined (reading 'error')","stack":"TypeError: Cannot read properties of undefined (reading 'error')\n    at setCache (/app/src/utils/redisHelper.js:62:16)\n    at Immediate.<anonymous> (/app/src/controllers/productController.js:86:5)\n    at process.processImmediate (node:internal/timers:483:21)","timestamp":"2025-11-28 14:34:03"}
{"level":"error","message":"Cache set failed: Cannot read properties of undefined (reading 'error')","stack":"TypeError: Cannot read properties of undefined (reading 'error')\n    at setCache (/app/src/utils/redisHelper.js:62:16)\n    at Immediate.<anonymous> (/app/src/controllers/productController.js:86:5)\n    at process.processImmediate (node:internal/timers:483:21)","timestamp":"2025-11-28 14:34:04"}
{"level":"error","message":"Cache set failed: Cannot read properties of undefined (reading 'error')","stack":"TypeError: Cannot read properties of undefined (reading 'error')\n    at setCache (/app/src/utils/redisHelper.js:62:16)\n    at Immediate.<anonymous> (/app/src/controllers/productController.js:86:5)\n    at process.processImmediate (node:internal/timers:483:21)","timestamp":"2025-11-28 14:34:04"}
{"level":"error","message":"Cache set failed: Cannot read properties of undefined (reading 'error')","stack":"TypeError: Cannot read properties of undefined (reading 'error')\n    at setCache (/app/src/utils/redisHelper.js:62:16)\n    at Immediate.<anonymous> (/app/src/controllers/productController.js:86:5)\n    at process.processImmediate (node:internal/timers:483:21)","timestamp":"2025-11-28 14:34:05"}
{"level":"error","message":"Cache set failed: Cannot read properties of undefined (reading 'error')","stack":"TypeError: Cannot read properties of undefined (reading 'error')\n    at setCache (/app/src/utils/redisHelper.js:62:16)\n    at Immediate.<anonymous> (/app/src/controllers/productController.js:122:5)\n    at process.processImmediate (node:internal/timers:483:21)","timestamp":"2025-11-28 14:44:02"}
{"level":"error","message":"Cache set failed: Cannot read properties of undefined (reading 'error')","stack":"TypeError: Cannot read properties of undefined (reading 'error')\n    at setCache (/app/src/utils/redisHelper.js:62:16)\n    at Immediate.<anonymous> (/app/src/controllers/productController.js:122:5)\n    at process.processImmediate (node:internal/timers:483:21)","timestamp":"2025-11-28 14:44:02"}
{"level":"error","message":"Cache set failed: Cannot read properties of undefined (reading 'error')","stack":"TypeError: Cannot read properties of undefined (reading 'error')\n    at setCache (/app/src/utils/redisHelper.js:62:16)\n    at Immediate.<anonymous> (/app/src/controllers/productController.js:86:5)\n    at process.processImmediate (node:internal/timers:483:21)","timestamp":"2025-11-28 14:45:23"}
{"level":"error","message":"Cache set failed: Cannot read properties of undefined (reading 'error')","stack":"TypeError: Cannot read properties of undefined (reading 'error')\n    at setCache (/app/src/utils/redisHelper.js:62:16)\n    at Immediate.<anonymous> (/app/src/controllers/productController.js:86:5)\n    at process.processImmediate (node:internal/timers:483:21)","timestamp":"2025-11-28 14:45:23"}
{"level":"error","message":"Cache set failed: Cannot read properties of undefined (reading 'error')","stack":"TypeError: Cannot read properties of undefined (reading 'error')\n    at setCache (/app/src/utils/redisHelper.js:62:16)\n    at Immediate.<anonymous> (/app/src/controllers/productController.js:86:5)\n    at process.processImmediate (node:internal/timers:483:21)","timestamp":"2025-11-28 14:45:24"}
{"level":"error","message":"Cache set failed: Cannot read properties of undefined (reading 'error')","stack":"TypeError: Cannot read properties of undefined (reading 'error')\n    at setCache (/app/src/utils/redisHelper.js:62:16)\n    at Immediate.<anonymous> (/app/src/controllers/productController.js:86:5)\n    at process.processImmediate (node:internal/timers:483:21)","timestamp":"2025-11-28 14:45:25"}
{"level":"info","message":"Initializing alert cron jobs...","timestamp":"2025-11-28 15:10:24"}
{"level":"info","message":"✓ Smart checks job scheduled for 2:00 AM daily","timestamp":"2025-11-28 15:10:24"}
{"level":"info","message":"✓ Daily summary job scheduled for 11:00 PM","timestamp":"2025-11-28 15:10:24"}
{"level":"info","message":"✓ Weekly summary job scheduled for Monday 9:00 AM","timestamp":"2025-11-28 15:10:24"}
{"level":"info","message":"✓ Monthly summary job scheduled for 1st of month at 9:00 AM","timestamp":"2025-11-28 15:10:24"}
{"level":"info","message":"✓ Alert cleanup job scheduled for 3:00 AM daily","timestamp":"2025-11-28 15:10:24"}
{"level":"info","message":"✅ All alert cron jobs initialized successfully","timestamp":"2025-11-28 15:10:24"}
{"level":"error","message":"Cache set failed: Cannot read properties of undefined (reading 'error')","stack":"TypeError: Cannot read properties of undefined (reading 'error')\n    at setCache (/app/src/utils/redisHelper.js:62:16)\n    at Immediate.<anonymous> (/app/src/controllers/productController.js:86:5)\n    at process.processImmediate (node:internal/timers:483:21)","timestamp":"2025-11-28 15:13:17"}
{"level":"error","message":"Cache set failed: Cannot read properties of undefined (reading 'error')","stack":"TypeError: Cannot read properties of undefined (reading 'error')\n    at setCache (/app/src/utils/redisHelper.js:62:16)\n    at Immediate.<anonymous> (/app/src/controllers/productController.js:86:5)\n    at process.processImmediate (node:internal/timers:483:21)","timestamp":"2025-11-28 15:13:18"}
{"level":"error","message":"Cache set failed: Cannot read properties of undefined (reading 'error')","stack":"TypeError: Cannot read properties of undefined (reading 'error')\n    at setCache (/app/src/utils/redisHelper.js:62:16)\n    at Immediate.<anonymous> (/app/src/controllers/productController.js:86:5)\n    at process.processImmediate (node:internal/timers:483:21)","timestamp":"2025-11-28 15:13:19"}
{"level":"error","message":"Cache set failed: Cannot read properties of undefined (reading 'error')","stack":"TypeError: Cannot read properties of undefined (reading 'error')\n    at setCache (/app/src/utils/redisHelper.js:62:16)\n    at Immediate.<anonymous> (/app/src/controllers/productController.js:86:5)\n    at process.processImmediate (node:internal/timers:483:21)","timestamp":"2025-11-28 15:13:19"}
{"level":"error","message":"Cache set failed: Cannot read properties of undefined (reading 'error')","stack":"TypeError: Cannot read properties of undefined (reading 'error')\n    at setCache (/app/src/utils/redisHelper.js:62:16)\n    at Immediate.<anonymous> (/app/src/controllers/productController.js:86:5)\n    at process.processImmediate (node:internal/timers:483:21)","timestamp":"2025-11-28 15:15:27"}
{"level":"error","message":"Cache set failed: Cannot read properties of undefined (reading 'error')","stack":"TypeError: Cannot read properties of undefined (reading 'error')\n    at setCache (/app/src/utils/redisHelper.js:62:16)\n    at Immediate.<anonymous> (/app/src/controllers/productController.js:86:5)\n    at process.processImmediate (node:internal/timers:483:21)","timestamp":"2025-11-28 15:15:28"}
{"level":"error","message":"Cache set failed: Cannot read properties of undefined (reading 'error')","stack":"TypeError: Cannot read properties of undefined (reading 'error')\n    at setCache (/app/src/utils/redisHelper.js:62:16)\n    at Immediate.<anonymous> (/app/src/controllers/productController.js:86:5)\n    at process.processImmediate (node:internal/timers:483:21)","timestamp":"2025-11-28 15:15:28"}
{"level":"error","message":"Cache set failed: Cannot read properties of undefined (reading 'error')","stack":"TypeError: Cannot read properties of undefined (reading 'error')\n    at setCache (/app/src/utils/redisHelper.js:62:16)\n    at Immediate.<anonymous> (/app/src/controllers/productController.js:86:5)\n    at process.processImmediate (node:internal/timers:483:21)","timestamp":"2025-11-28 15:15:29"}
{"level":"error","message":"Cache set failed: Cannot read properties of undefined (reading 'error')","stack":"TypeError: Cannot read properties of undefined (reading 'error')\n    at setCache (/app/src/utils/redisHelper.js:62:16)\n    at Immediate.<anonymous> (/app/src/controllers/productController.js:86:5)\n    at process.processImmediate (node:internal/timers:483:21)","timestamp":"2025-11-28 15:19:42"}
{"level":"error","message":"Cache set failed: Cannot read properties of undefined (reading 'error')","stack":"TypeError: Cannot read properties of undefined (reading 'error')\n    at setCache (/app/src/utils/redisHelper.js:62:16)\n    at Immediate.<anonymous> (/app/src/controllers/productController.js:86:5)\n    at process.processImmediate (node:internal/timers:483:21)","timestamp":"2025-11-28 15:19:42"}
{"level":"error","message":"Cache set failed: Cannot read properties of undefined (reading 'error')","stack":"TypeError: Cannot read properties of undefined (reading 'error')\n    at setCache (/app/src/utils/redisHelper.js:62:16)\n    at Immediate.<anonymous> (/app/src/controllers/productController.js:86:5)\n    at process.processImmediate (node:internal/timers:483:21)","timestamp":"2025-11-28 15:19:43"}
{"level":"error","message":"Cache set failed: Cannot read properties of undefined (reading 'error')","stack":"TypeError: Cannot read properties of undefined (reading 'error')\n    at setCache (/app/src/utils/redisHelper.js:62:16)\n    at Immediate.<anonymous> (/app/src/controllers/productController.js:86:5)\n    at process.processImmediate (node:internal/timers:483:21)","timestamp":"2025-11-28 15:19:43"}
{"level":"error","message":"Cache set failed: Cannot read properties of undefined (reading 'error')","stack":"TypeError: Cannot read properties of undefined (reading 'error')\n    at setCache (/app/src/utils/redisHelper.js:62:16)\n    at Immediate.<anonymous> (/app/src/controllers/productController.js:86:5)\n    at process.processImmediate (node:internal/timers:483:21)","timestamp":"2025-11-28 15:19:59"}
{"level":"error","message":"Cache set failed: Cannot read properties of undefined (reading 'error')","stack":"TypeError: Cannot read properties of undefined (reading 'error')\n    at setCache (/app/src/utils/redisHelper.js:62:16)\n    at Immediate.<anonymous> (/app/src/controllers/productController.js:86:5)\n    at process.processImmediate (node:internal/timers:483:21)","timestamp":"2025-11-28 15:20:00"}
{"level":"error","message":"Cache set failed: Cannot read properties of undefined (reading 'error')","stack":"TypeError: Cannot read properties of undefined (reading 'error')\n    at setCache (/app/src/utils/redisHelper.js:62:16)\n    at Immediate.<anonymous> (/app/src/controllers/productController.js:86:5)\n    at process.processImmediate (node:internal/timers:483:21)","timestamp":"2025-11-28 15:20:00"}
{"level":"error","message":"Cache set failed: Cannot read properties of undefined (reading 'error')","stack":"TypeError: Cannot read properties of undefined (reading 'error')\n    at setCache (/app/src/utils/redisHelper.js:62:16)\n    at Immediate.<anonymous> (/app/src/controllers/productController.js:86:5)\n    at process.processImmediate (node:internal/timers:483:21)","timestamp":"2025-11-28 15:20:01"}
{"level":"error","message":"Cache set failed: Cannot read properties of undefined (reading 'error')","stack":"TypeError: Cannot read properties of undefined (reading 'error')\n    at setCache (/app/src/utils/redisHelper.js:62:16)\n    at Immediate.<anonymous> (/app/src/controllers/productController.js:86:5)\n    at process.processImmediate (node:internal/timers:483:21)","timestamp":"2025-11-28 16:16:48"}
{"level":"error","message":"Cache set failed: Cannot read properties of undefined (reading 'error')","stack":"TypeError: Cannot read properties of undefined (reading 'error')\n    at setCache (/app/src/utils/redisHelper.js:62:16)\n    at Immediate.<anonymous> (/app/src/controllers/productController.js:86:5)\n    at process.processImmediate (node:internal/timers:483:21)","timestamp":"2025-11-28 16:16:48"}
{"level":"error","message":"Cache set failed: Cannot read properties of undefined (reading 'error')","stack":"TypeError: Cannot read properties of undefined (reading 'error')\n    at setCache (/app/src/utils/redisHelper.js:62:16)\n    at Immediate.<anonymous> (/app/src/controllers/productController.js:86:5)\n    at process.processImmediate (node:internal/timers:483:21)","timestamp":"2025-11-28 16:17:10"}
{"level":"error","message":"Cache set failed: Cannot read properties of undefined (reading 'error')","stack":"TypeError: Cannot read properties of undefined (reading 'error')\n    at setCache (/app/src/utils/redisHelper.js:62:16)\n    at Immediate.<anonymous> (/app/src/controllers/productController.js:86:5)\n    at process.processImmediate (node:internal/timers:483:21)","timestamp":"2025-11-28 16:17:11"}
{"level":"error","message":"Cache set failed: Cannot read properties of undefined (reading 'error')","stack":"TypeError: Cannot read properties of undefined (reading 'error')\n    at setCache (/app/src/utils/redisHelper.js:62:16)\n    at Immediate.<anonymous> (/app/src/controllers/productController.js:86:5)\n    at process.processImmediate (node:internal/timers:483:21)","timestamp":"2025-11-28 16:17:11"}
{"level":"error","message":"Cache set failed: Cannot read properties of undefined (reading 'error')","stack":"TypeError: Cannot read properties of undefined (reading 'error')\n    at setCache (/app/src/utils/redisHelper.js:62:16)\n    at Immediate.<anonymous> (/app/src/controllers/productController.js:86:5)\n    at process.processImmediate (node:internal/timers:483:21)","timestamp":"2025-11-28 16:17:12"}
{"level":"error","message":"Background: Cache invalidation failed: Cannot read properties of undefined (reading 'error')","stack":"TypeError: Cannot read properties of undefined (reading 'error')\n    at scanDel (/app/src/utils/redisHelper.js:41:16)\n    at Immediate.<anonymous> (/app/src/controllers/productController.js:317:5)\n    at process.processImmediate (node:internal/timers:483:21)","timestamp":"2025-11-28 16:35:46"}
{"companyId":"COMPANY_123","level":"info","message":"📤 [PRODUCT EVENT] Published: inventory.product.created","productId":"6929cf610c284336f42b6dd1","productName":"Premium Organic Cotton T-Shirt","timestamp":"2025-11-28 16:35:46"}
{"level":"info","message":"Initializing alert cron jobs...","timestamp":"2025-11-28 16:41:16"}
{"level":"info","message":"✓ Smart checks job scheduled for 2:00 AM daily","timestamp":"2025-11-28 16:41:16"}
{"level":"info","message":"✓ Daily summary job scheduled for 11:00 PM","timestamp":"2025-11-28 16:41:16"}
{"level":"info","message":"✓ Weekly summary job scheduled for Monday 9:00 AM","timestamp":"2025-11-28 16:41:16"}
{"level":"info","message":"✓ Monthly summary job scheduled for 1st of month at 9:00 AM","timestamp":"2025-11-28 16:41:16"}
{"level":"info","message":"✓ Alert cleanup job scheduled for 3:00 AM daily","timestamp":"2025-11-28 16:41:16"}
{"level":"info","message":"✅ All alert cron jobs initialized successfully","timestamp":"2025-11-28 16:41:16"}
{"level":"info","message":"Initializing alert cron jobs...","timestamp":"2025-11-28 16:43:49"}
{"level":"info","message":"✓ Smart checks job scheduled for 2:00 AM daily","timestamp":"2025-11-28 16:43:49"}
{"level":"info","message":"✓ Daily summary job scheduled for 11:00 PM","timestamp":"2025-11-28 16:43:49"}
{"level":"info","message":"✓ Weekly summary job scheduled for Monday 9:00 AM","timestamp":"2025-11-28 16:43:49"}
{"level":"info","message":"✓ Monthly summary job scheduled for 1st of month at 9:00 AM","timestamp":"2025-11-28 16:43:49"}
{"level":"info","message":"✓ Alert cleanup job scheduled for 3:00 AM daily","timestamp":"2025-11-28 16:43:49"}
{"level":"info","message":"✅ All alert cron jobs initialized successfully","timestamp":"2025-11-28 16:43:49"}
{"level":"info","message":"Initializing alert cron jobs...","timestamp":"2025-11-28 16:45:46"}
{"level":"info","message":"✓ Smart checks job scheduled for 2:00 AM daily","timestamp":"2025-11-28 16:45:46"}
{"level":"info","message":"✓ Daily summary job scheduled for 11:00 PM","timestamp":"2025-11-28 16:45:46"}
{"level":"info","message":"✓ Weekly summary job scheduled for Monday 9:00 AM","timestamp":"2025-11-28 16:45:46"}
{"level":"info","message":"✓ Monthly summary job scheduled for 1st of month at 9:00 AM","timestamp":"2025-11-28 16:45:46"}
{"level":"info","message":"✓ Alert cleanup job scheduled for 3:00 AM daily","timestamp":"2025-11-28 16:45:46"}
{"level":"info","message":"✅ All alert cron jobs initialized successfully","timestamp":"2025-11-28 16:45:46"}
